[2m2025-08-11T22:07:31.804-03:00[0;39m [32m INFO[0;39m [35m9008[0;39m [2m--- [tskboard] [           main] [0;39m[36mliquibase.changelog                     [0;39m [2m:[0;39m Reading resource: db/changelog/migrations/db.changelog-202507292248.sql
[2m2025-08-11T22:07:32.062-03:00[0;39m [32m INFO[0;39m [35m9008[0;39m [2m--- [tskboard] [           main] [0;39m[36mliquibase.changelog                     [0;39m [2m:[0;39m Reading from tskboard.databasechangelog
[2m2025-08-11T22:07:32.064-03:00[0;39m [32m INFO[0;39m [35m9008[0;39m [2m--- [tskboard] [           main] [0;39m[36mliquibase.changelog                     [0;39m [2m:[0;39m Reading resource: db/changelog/migrations/db.changelog-202507302227.sql
[2m2025-08-11T22:07:32.068-03:00[0;39m [32m INFO[0;39m [35m9008[0;39m [2m--- [tskboard] [           main] [0;39m[36mliquibase.changelog                     [0;39m [2m:[0;39m Reading resource: db/changelog/migrations/db.changelog-202507302239.sql
[2m2025-08-11T22:07:32.071-03:00[0;39m [32m INFO[0;39m [35m9008[0;39m [2m--- [tskboard] [           main] [0;39m[36mliquibase.changelog                     [0;39m [2m:[0;39m Reading resource: db/changelog/migrations/db.changelog-202507302248.sql
[2m2025-08-11T22:07:32.165-03:00[0;39m [32m INFO[0;39m [35m9008[0;39m [2m--- [tskboard] [           main] [0;39m[36mliquibase.lockservice                   [0;39m [2m:[0;39m Successfully acquired change log lock
[2m2025-08-11T22:07:32.166-03:00[0;39m [32m INFO[0;39m [35m9008[0;39m [2m--- [tskboard] [           main] [0;39m[36mliquibase.command                       [0;39m [2m:[0;39m Using deploymentId: 4960851446
[2m2025-08-11T22:07:32.169-03:00[0;39m [32m INFO[0;39m [35m9008[0;39m [2m--- [tskboard] [           main] [0;39m[36mliquibase.changelog                     [0;39m [2m:[0;39m Reading from tskboard.databasechangelog
Running Changeset: db/changelog/migrations/db.changelog-202507302227.sql::202507292248::jeff
[2m2025-08-11T22:07:32.719-03:00[0;39m [31mERROR[0;39m [35m9008[0;39m [2m--- [tskboard] [           main] [0;39m[36mliquibase.changelog                     [0;39m [2m:[0;39m ChangeSet db/changelog/migrations/db.changelog-202507302227.sql::202507292248::jeff encountered an exception.

liquibase.exception.DatabaseException: You have an error in your SQL syntax; check the manual that corresponds to your MySQL server version for the right syntax to use near ''order')
) ENGINE=InnoDB' at line 8 [Failed SQL: (1064) CREATE TABLE BOARDS_COLUMNS (
    id BIGINT AUTO_INCREMENT PRIMARY KEY,
    name VARCHAR(255) NOT NULL,
    `order` INT NOT NULL,
    kind VARCHAR(7) NOT NULL,
    board_id BIGINT NOT NULL,
    CONSTRAINT boards_boards_columns_fk FOREIGN KEY (board_id) REFERENCES BOARDS (id) ON DELETE CASCADE,
    CONSTRAINT id_order_uk UNIQUE KEY unique_board_id_order (board_id, 'order')
) ENGINE=InnoDB]
	at liquibase.executor.jvm.JdbcExecutor$ExecuteStatementCallback.doInStatement(JdbcExecutor.java:497) ~[liquibase-core-4.31.1.jar:na]
	at liquibase.executor.jvm.JdbcExecutor.execute(JdbcExecutor.java:83) ~[liquibase-core-4.31.1.jar:na]
	at liquibase.executor.jvm.JdbcExecutor.execute(JdbcExecutor.java:185) ~[liquibase-core-4.31.1.jar:na]
	at liquibase.executor.AbstractExecutor.execute(AbstractExecutor.java:141) ~[liquibase-core-4.31.1.jar:na]
	at liquibase.database.AbstractJdbcDatabase.executeStatements(AbstractJdbcDatabase.java:1189) ~[liquibase-core-4.31.1.jar:na]
	at liquibase.changelog.ChangeSet.execute(ChangeSet.java:790) ~[liquibase-core-4.31.1.jar:na]
	at liquibase.changelog.visitor.UpdateVisitor.executeAcceptedChange(UpdateVisitor.java:126) ~[liquibase-core-4.31.1.jar:na]
	at liquibase.changelog.visitor.UpdateVisitor.visit(UpdateVisitor.java:70) ~[liquibase-core-4.31.1.jar:na]
	at liquibase.changelog.ChangeLogIterator.lambda$run$0(ChangeLogIterator.java:133) ~[liquibase-core-4.31.1.jar:na]
	at liquibase.Scope.lambda$child$0(Scope.java:201) ~[liquibase-core-4.31.1.jar:na]
	at liquibase.Scope.child(Scope.java:210) ~[liquibase-core-4.31.1.jar:na]
	at liquibase.Scope.child(Scope.java:200) ~[liquibase-core-4.31.1.jar:na]
	at liquibase.Scope.child(Scope.java:179) ~[liquibase-core-4.31.1.jar:na]
	at liquibase.changelog.ChangeLogIterator.lambda$run$1(ChangeLogIterator.java:122) ~[liquibase-core-4.31.1.jar:na]
	at liquibase.Scope.lambda$child$0(Scope.java:201) ~[liquibase-core-4.31.1.jar:na]
	at liquibase.Scope.child(Scope.java:210) ~[liquibase-core-4.31.1.jar:na]
	at liquibase.Scope.child(Scope.java:200) ~[liquibase-core-4.31.1.jar:na]
	at liquibase.Scope.child(Scope.java:179) ~[liquibase-core-4.31.1.jar:na]
	at liquibase.Scope.child(Scope.java:267) ~[liquibase-core-4.31.1.jar:na]
	at liquibase.Scope.child(Scope.java:271) ~[liquibase-core-4.31.1.jar:na]
	at liquibase.changelog.ChangeLogIterator.run(ChangeLogIterator.java:91) ~[liquibase-core-4.31.1.jar:na]
	at liquibase.command.core.AbstractUpdateCommandStep.lambda$run$0(AbstractUpdateCommandStep.java:114) ~[liquibase-core-4.31.1.jar:na]
	at liquibase.Scope.lambda$child$0(Scope.java:201) ~[liquibase-core-4.31.1.jar:na]
	at liquibase.Scope.child(Scope.java:210) ~[liquibase-core-4.31.1.jar:na]
	at liquibase.Scope.child(Scope.java:200) ~[liquibase-core-4.31.1.jar:na]
	at liquibase.Scope.child(Scope.java:179) ~[liquibase-core-4.31.1.jar:na]
	at liquibase.command.core.AbstractUpdateCommandStep.run(AbstractUpdateCommandStep.java:112) ~[liquibase-core-4.31.1.jar:na]
	at liquibase.command.core.UpdateCommandStep.run(UpdateCommandStep.java:100) ~[liquibase-core-4.31.1.jar:na]
	at liquibase.command.CommandScope.lambda$execute$6(CommandScope.java:253) ~[liquibase-core-4.31.1.jar:na]
	at liquibase.Scope.child(Scope.java:210) ~[liquibase-core-4.31.1.jar:na]
	at liquibase.Scope.child(Scope.java:186) ~[liquibase-core-4.31.1.jar:na]
	at liquibase.command.CommandScope.execute(CommandScope.java:241) ~[liquibase-core-4.31.1.jar:na]
	at liquibase.Liquibase.lambda$update$0(Liquibase.java:216) ~[liquibase-core-4.31.1.jar:na]
	at liquibase.Scope.lambda$child$0(Scope.java:201) ~[liquibase-core-4.31.1.jar:na]
	at liquibase.Scope.child(Scope.java:210) ~[liquibase-core-4.31.1.jar:na]
	at liquibase.Scope.child(Scope.java:200) ~[liquibase-core-4.31.1.jar:na]
	at liquibase.Scope.child(Scope.java:179) ~[liquibase-core-4.31.1.jar:na]
	at liquibase.Liquibase.runInScope(Liquibase.java:1333) ~[liquibase-core-4.31.1.jar:na]
	at liquibase.Liquibase.update(Liquibase.java:205) ~[liquibase-core-4.31.1.jar:na]
	at liquibase.Liquibase.update(Liquibase.java:188) ~[liquibase-core-4.31.1.jar:na]
	at liquibase.Liquibase.update(Liquibase.java:175) ~[liquibase-core-4.31.1.jar:na]
	at liquibase.Liquibase.update(Liquibase.java:155) ~[liquibase-core-4.31.1.jar:na]
	at org.pinedev.tskboard.persistence.migrations.MigrationStrategy.executeMigration(MigrationStrategy.java:39) ~[classes/:na]
	at org.pinedev.tskboard.TskboardApplication.main(TskboardApplication.java:18) ~[classes/:na]
Caused by: java.sql.SQLSyntaxErrorException: You have an error in your SQL syntax; check the manual that corresponds to your MySQL server version for the right syntax to use near ''order')
) ENGINE=InnoDB' at line 8
	at com.mysql.cj.jdbc.exceptions.SQLError.createSQLException(SQLError.java:112) ~[mysql-connector-j-9.3.0.jar:9.3.0]
	at com.mysql.cj.jdbc.exceptions.SQLExceptionsMapping.translateException(SQLExceptionsMapping.java:114) ~[mysql-connector-j-9.3.0.jar:9.3.0]
	at com.mysql.cj.jdbc.StatementImpl.executeInternal(StatementImpl.java:837) ~[mysql-connector-j-9.3.0.jar:9.3.0]
	at com.mysql.cj.jdbc.StatementImpl.execute(StatementImpl.java:685) ~[mysql-connector-j-9.3.0.jar:9.3.0]
	at liquibase.executor.jvm.JdbcExecutor$ExecuteStatementCallback.doInStatement(JdbcExecutor.java:491) ~[liquibase-core-4.31.1.jar:na]
	... 43 common frames omitted


UPDATE SUMMARY
Run:                          0
Previously run:               1
Filtered out:                 0
-------------------------------
Total change sets:            4

[2m2025-08-11T22:07:32.731-03:00[0;39m [32m INFO[0;39m [35m9008[0;39m [2m--- [tskboard] [           main] [0;39m[36mliquibase.util                          [0;39m [2m:[0;39m UPDATE SUMMARY
[2m2025-08-11T22:07:32.731-03:00[0;39m [32m INFO[0;39m [35m9008[0;39m [2m--- [tskboard] [           main] [0;39m[36mliquibase.util                          [0;39m [2m:[0;39m Run:                          0
[2m2025-08-11T22:07:32.731-03:00[0;39m [32m INFO[0;39m [35m9008[0;39m [2m--- [tskboard] [           main] [0;39m[36mliquibase.util                          [0;39m [2m:[0;39m Previously run:               1
[2m2025-08-11T22:07:32.731-03:00[0;39m [32m INFO[0;39m [35m9008[0;39m [2m--- [tskboard] [           main] [0;39m[36mliquibase.util                          [0;39m [2m:[0;39m Filtered out:                 0
[2m2025-08-11T22:07:32.731-03:00[0;39m [32m INFO[0;39m [35m9008[0;39m [2m--- [tskboard] [           main] [0;39m[36mliquibase.util                          [0;39m [2m:[0;39m -------------------------------
[2m2025-08-11T22:07:32.731-03:00[0;39m [32m INFO[0;39m [35m9008[0;39m [2m--- [tskboard] [           main] [0;39m[36mliquibase.util                          [0;39m [2m:[0;39m Total change sets:            4
[2m2025-08-11T22:07:32.732-03:00[0;39m [32m INFO[0;39m [35m9008[0;39m [2m--- [tskboard] [           main] [0;39m[36mliquibase.util                          [0;39m [2m:[0;39m Update summary generated
[2m2025-08-11T22:07:32.734-03:00[0;39m [32m INFO[0;39m [35m9008[0;39m [2m--- [tskboard] [           main] [0;39m[36mliquibase.command                       [0;39m [2m:[0;39m Update command encountered an exception.
[2m2025-08-11T22:07:32.741-03:00[0;39m [32m INFO[0;39m [35m9008[0;39m [2m--- [tskboard] [           main] [0;39m[36mliquibase.lockservice                   [0;39m [2m:[0;39m Successfully released change log lock
[2m2025-08-11T22:07:32.743-03:00[0;39m [32m INFO[0;39m [35m9008[0;39m [2m--- [tskboard] [           main] [0;39m[36mliquibase.command                       [0;39m [2m:[0;39m Logging exception.
ERROR: Exception Details
ERROR: Exception Primary Class:  SQLSyntaxErrorException
ERROR: Exception Primary Reason:  You have an error in your SQL syntax; check the manual that corresponds to your MySQL server version for the right syntax to use near ''order')
) ENGINE=InnoDB' at line 8
ERROR: Exception Primary Source:  MySQL 8.0.41
[2m2025-08-11T22:07:32.744-03:00[0;39m [32m INFO[0;39m [35m9008[0;39m [2m--- [tskboard] [           main] [0;39m[36mliquibase.command                       [0;39m [2m:[0;39m Command execution complete
liquibase.exception.CommandExecutionException: liquibase.exception.LiquibaseException: liquibase.exception.MigrationFailedException: Migration failed for changeset db/changelog/migrations/db.changelog-202507302227.sql::202507292248::jeff:
     Reason: liquibase.exception.DatabaseException: You have an error in your SQL syntax; check the manual that corresponds to your MySQL server version for the right syntax to use near ''order')
) ENGINE=InnoDB' at line 8 [Failed SQL: (1064) CREATE TABLE BOARDS_COLUMNS (
    id BIGINT AUTO_INCREMENT PRIMARY KEY,
    name VARCHAR(255) NOT NULL,
    `order` INT NOT NULL,
    kind VARCHAR(7) NOT NULL,
    board_id BIGINT NOT NULL,
    CONSTRAINT boards_boards_columns_fk FOREIGN KEY (board_id) REFERENCES BOARDS (id) ON DELETE CASCADE,
    CONSTRAINT id_order_uk UNIQUE KEY unique_board_id_order (board_id, 'order')
) ENGINE=InnoDB]
	at liquibase.command.CommandScope.lambda$execute$6(CommandScope.java:300)
	at liquibase.Scope.child(Scope.java:210)
	at liquibase.Scope.child(Scope.java:186)
	at liquibase.command.CommandScope.execute(CommandScope.java:241)
	at liquibase.Liquibase.lambda$update$0(Liquibase.java:216)
	at liquibase.Scope.lambda$child$0(Scope.java:201)
	at liquibase.Scope.child(Scope.java:210)
	at liquibase.Scope.child(Scope.java:200)
	at liquibase.Scope.child(Scope.java:179)
	at liquibase.Liquibase.runInScope(Liquibase.java:1333)
	at liquibase.Liquibase.update(Liquibase.java:205)
	at liquibase.Liquibase.update(Liquibase.java:188)
	at liquibase.Liquibase.update(Liquibase.java:175)
	at liquibase.Liquibase.update(Liquibase.java:155)
	at org.pinedev.tskboard.persistence.migrations.MigrationStrategy.executeMigration(MigrationStrategy.java:39)
	at org.pinedev.tskboard.TskboardApplication.main(TskboardApplication.java:18)
Caused by: liquibase.exception.LiquibaseException: liquibase.exception.MigrationFailedException: Migration failed for changeset db/changelog/migrations/db.changelog-202507302227.sql::202507292248::jeff:
     Reason: liquibase.exception.DatabaseException: You have an error in your SQL syntax; check the manual that corresponds to your MySQL server version for the right syntax to use near ''order')
) ENGINE=InnoDB' at line 8 [Failed SQL: (1064) CREATE TABLE BOARDS_COLUMNS (
    id BIGINT AUTO_INCREMENT PRIMARY KEY,
    name VARCHAR(255) NOT NULL,
    `order` INT NOT NULL,
    kind VARCHAR(7) NOT NULL,
    board_id BIGINT NOT NULL,
    CONSTRAINT boards_boards_columns_fk FOREIGN KEY (board_id) REFERENCES BOARDS (id) ON DELETE CASCADE,
    CONSTRAINT id_order_uk UNIQUE KEY unique_board_id_order (board_id, 'order')
) ENGINE=InnoDB]
	at liquibase.changelog.ChangeLogIterator.run(ChangeLogIterator.java:155)
	at liquibase.command.core.AbstractUpdateCommandStep.lambda$run$0(AbstractUpdateCommandStep.java:114)
	at liquibase.Scope.lambda$child$0(Scope.java:201)
	at liquibase.Scope.child(Scope.java:210)
	at liquibase.Scope.child(Scope.java:200)
	at liquibase.Scope.child(Scope.java:179)
	at liquibase.command.core.AbstractUpdateCommandStep.run(AbstractUpdateCommandStep.java:112)
	at liquibase.command.core.UpdateCommandStep.run(UpdateCommandStep.java:100)
	at liquibase.command.CommandScope.lambda$execute$6(CommandScope.java:253)
	... 15 more
Caused by: liquibase.exception.MigrationFailedException: Migration failed for changeset db/changelog/migrations/db.changelog-202507302227.sql::202507292248::jeff:
     Reason: liquibase.exception.DatabaseException: You have an error in your SQL syntax; check the manual that corresponds to your MySQL server version for the right syntax to use near ''order')
) ENGINE=InnoDB' at line 8 [Failed SQL: (1064) CREATE TABLE BOARDS_COLUMNS (
    id BIGINT AUTO_INCREMENT PRIMARY KEY,
    name VARCHAR(255) NOT NULL,
    `order` INT NOT NULL,
    kind VARCHAR(7) NOT NULL,
    board_id BIGINT NOT NULL,
    CONSTRAINT boards_boards_columns_fk FOREIGN KEY (board_id) REFERENCES BOARDS (id) ON DELETE CASCADE,
    CONSTRAINT id_order_uk UNIQUE KEY unique_board_id_order (board_id, 'order')
) ENGINE=InnoDB]
	at liquibase.changelog.ChangeSet.execute(ChangeSet.java:840)
	at liquibase.changelog.visitor.UpdateVisitor.executeAcceptedChange(UpdateVisitor.java:126)
	at liquibase.changelog.visitor.UpdateVisitor.visit(UpdateVisitor.java:70)
	at liquibase.changelog.ChangeLogIterator.lambda$run$0(ChangeLogIterator.java:133)
	at liquibase.Scope.lambda$child$0(Scope.java:201)
	at liquibase.Scope.child(Scope.java:210)
	at liquibase.Scope.child(Scope.java:200)
	at liquibase.Scope.child(Scope.java:179)
	at liquibase.changelog.ChangeLogIterator.lambda$run$1(ChangeLogIterator.java:122)
	at liquibase.Scope.lambda$child$0(Scope.java:201)
	at liquibase.Scope.child(Scope.java:210)
	at liquibase.Scope.child(Scope.java:200)
	at liquibase.Scope.child(Scope.java:179)
	at liquibase.Scope.child(Scope.java:267)
	at liquibase.Scope.child(Scope.java:271)
	at liquibase.changelog.ChangeLogIterator.run(ChangeLogIterator.java:91)
	... 23 more
Caused by: liquibase.exception.DatabaseException: You have an error in your SQL syntax; check the manual that corresponds to your MySQL server version for the right syntax to use near ''order')
) ENGINE=InnoDB' at line 8 [Failed SQL: (1064) CREATE TABLE BOARDS_COLUMNS (
    id BIGINT AUTO_INCREMENT PRIMARY KEY,
    name VARCHAR(255) NOT NULL,
    `order` INT NOT NULL,
    kind VARCHAR(7) NOT NULL,
    board_id BIGINT NOT NULL,
    CONSTRAINT boards_boards_columns_fk FOREIGN KEY (board_id) REFERENCES BOARDS (id) ON DELETE CASCADE,
    CONSTRAINT id_order_uk UNIQUE KEY unique_board_id_order (board_id, 'order')
) ENGINE=InnoDB]
	at liquibase.executor.jvm.JdbcExecutor$ExecuteStatementCallback.doInStatement(JdbcExecutor.java:497)
	at liquibase.executor.jvm.JdbcExecutor.execute(JdbcExecutor.java:83)
	at liquibase.executor.jvm.JdbcExecutor.execute(JdbcExecutor.java:185)
	at liquibase.executor.AbstractExecutor.execute(AbstractExecutor.java:141)
	at liquibase.database.AbstractJdbcDatabase.executeStatements(AbstractJdbcDatabase.java:1189)
	at liquibase.changelog.ChangeSet.execute(ChangeSet.java:790)
	... 38 more
Caused by: java.sql.SQLSyntaxErrorException: You have an error in your SQL syntax; check the manual that corresponds to your MySQL server version for the right syntax to use near ''order')
) ENGINE=InnoDB' at line 8
	at com.mysql.cj.jdbc.exceptions.SQLError.createSQLException(SQLError.java:112)
	at com.mysql.cj.jdbc.exceptions.SQLExceptionsMapping.translateException(SQLExceptionsMapping.java:114)
	at com.mysql.cj.jdbc.StatementImpl.executeInternal(StatementImpl.java:837)
	at com.mysql.cj.jdbc.StatementImpl.execute(StatementImpl.java:685)
	at liquibase.executor.jvm.JdbcExecutor$ExecuteStatementCallback.doInStatement(JdbcExecutor.java:491)
	... 43 more
